生成启动时间为 2014/8/5 10:32:12。
     1>项目“E:\A_LAB_workplace\HEVC_software\tags\HM-14.0\build\vc10\TLibCommon_vc10.vcxproj”在节点 5 上(build 个目标)。
     1>InitializeBuildStatus:
         正在创建“E:\A_LAB_workplace\HEVC_software\tags\HM-14.0\build\\vc10\Win32\Debug\TLibCommon\TLibCommon.unsuccessfulbuild”，因为已指定“AlwaysCreate”。
       ClCompile:
         D:\Program Files\Visual_Studio_2010\VC\bin\CL.exe /c /I"E:\A_LAB_workplace\HEVC_software\tags\HM-14.0\build\\..\source\Lib\\" /I"E:\A_LAB_workplace\HEVC_software\tags\HM-14.0\build\\..\compat\msvc" /ZI /nologo /W3 /WX- /Od /Oy- /D WIN32 /D _DEBUG /D _LIB /D _CRT_SECURE_NO_WARNINGS /D _MBCS /Gm /EHsc /RTC1 /MTd /GS /fp:precise /Zc:wchar_t /Zc:forScope /Fo"E:\A_LAB_workplace\HEVC_software\tags\HM-14.0\build\\vc10\Win32\Debug\TLibCommon\\" /Fd"E:\A_LAB_workplace\HEVC_software\tags\HM-14.0\build\\vc10\Win32\Debug\TLibCommon\vc100.pdb" /Gd /TP /analyze- /errorReport:prompt ..\..\source\Lib\TLibCommon\ContextModel.cpp ..\..\source\Lib\TLibCommon\ContextModel3DBuffer.cpp ..\..\source\Lib\TLibCommon\SEI.cpp ..\..\source\Lib\TLibCommon\TComBitStream.cpp ..\..\source\Lib\TLibCommon\TComCABACTables.cpp ..\..\source\Lib\TLibCommon\TComDataCU.cpp ..\..\source\Lib\TLibCommon\TComInterpolationFilter.cpp ..\..\source\Lib\TLibCommon\TComLoopFilter.cpp ..\..\source\Lib\TLibCommon\TComMotionInfo.cpp ..\..\source\Lib\TLibCommon\TComPattern.cpp ..\..\source\Lib\TLibCommon\TComPic.cpp ..\..\source\Lib\TLibCommon\TComPicSym.cpp ..\..\source\Lib\TLibCommon\TComPicYuv.cpp ..\..\source\Lib\TLibCommon\TComPicYuvMD5.cpp ..\..\source\Lib\TLibCommon\TComPrediction.cpp ..\..\source\Lib\TLibCommon\TComRdCost.cpp ..\..\source\Lib\TLibCommon\TComRdCostWeightPrediction.cpp ..\..\source\Lib\TLibCommon\TComRom.cpp ..\..\source\Lib\TLibCommon\TComSampleAdaptiveOffset.cpp ..\..\source\Lib\TLibCommon\TComSlice.cpp ..\..\source\Lib\TLibCommon\TComTrQuant.cpp ..\..\source\Lib\TLibCommon\TComWeightPrediction.cpp ..\..\source\Lib\TLibCommon\TComYuv.cpp
         TComYuv.cpp
         TComWeightPrediction.cpp
         TComTrQuant.cpp
         TComSlice.cpp
         TComSampleAdaptiveOffset.cpp
         TComRom.cpp
         TComRdCostWeightPrediction.cpp
         TComRdCost.cpp
         TComPrediction.cpp
         TComPicYuvMD5.cpp
         TComPicYuv.cpp
         TComPicSym.cpp
         TComPic.cpp
         TComPattern.cpp
         TComMotionInfo.cpp
         TComLoopFilter.cpp
         TComInterpolationFilter.cpp
         TComDataCU.cpp
         TComCABACTables.cpp
         TComBitStream.cpp
         正在生成代码...
         正在编译...
         SEI.cpp
         ContextModel3DBuffer.cpp
         ContextModel.cpp
         正在生成代码...
         D:\Program Files\Visual_Studio_2010\VC\bin\CL.exe /c /I"E:\A_LAB_workplace\HEVC_software\tags\HM-14.0\build\\..\source\Lib\\" /I"E:\A_LAB_workplace\HEVC_software\tags\HM-14.0\build\\..\compat\msvc" /ZI /nologo /W3 /WX- /Od /Oy- /D WIN32 /D _DEBUG /D _LIB /D _CRT_SECURE_NO_WARNINGS /D _MBCS /Gm /EHsc /RTC1 /MTd /GS /fp:precise /Zc:wchar_t /Zc:forScope /Fo"E:\A_LAB_workplace\HEVC_software\tags\HM-14.0\build\\vc10\Win32\Debug\TLibCommon\\" /Fd"E:\A_LAB_workplace\HEVC_software\tags\HM-14.0\build\\vc10\Win32\Debug\TLibCommon\vc100.pdb" /Gd /TC /analyze- /errorReport:prompt ..\..\source\Lib\libmd5\libmd5.c
         libmd5.c
       Lib:
         D:\Program Files\Visual_Studio_2010\VC\bin\Lib.exe /OUT:"E:\A_LAB_workplace\HEVC_software\tags\HM-14.0\build\\vc10\Win32\Debug\TLibCommon\TLibCommon.lib" /NOLOGO "E:\A_LAB_workplace\HEVC_software\tags\HM-14.0\build\\vc10\Win32\Debug\TLibCommon\ContextModel.obj"
         "E:\A_LAB_workplace\HEVC_software\tags\HM-14.0\build\\vc10\Win32\Debug\TLibCommon\ContextModel3DBuffer.obj"
         "E:\A_LAB_workplace\HEVC_software\tags\HM-14.0\build\\vc10\Win32\Debug\TLibCommon\libmd5.obj"
         "E:\A_LAB_workplace\HEVC_software\tags\HM-14.0\build\\vc10\Win32\Debug\TLibCommon\SEI.obj"
         "E:\A_LAB_workplace\HEVC_software\tags\HM-14.0\build\\vc10\Win32\Debug\TLibCommon\TComBitStream.obj"
         "E:\A_LAB_workplace\HEVC_software\tags\HM-14.0\build\\vc10\Win32\Debug\TLibCommon\TComCABACTables.obj"
         "E:\A_LAB_workplace\HEVC_software\tags\HM-14.0\build\\vc10\Win32\Debug\TLibCommon\TComDataCU.obj"
         "E:\A_LAB_workplace\HEVC_software\tags\HM-14.0\build\\vc10\Win32\Debug\TLibCommon\TComInterpolationFilter.obj"
         "E:\A_LAB_workplace\HEVC_software\tags\HM-14.0\build\\vc10\Win32\Debug\TLibCommon\TComLoopFilter.obj"
         "E:\A_LAB_workplace\HEVC_software\tags\HM-14.0\build\\vc10\Win32\Debug\TLibCommon\TComMotionInfo.obj"
         "E:\A_LAB_workplace\HEVC_software\tags\HM-14.0\build\\vc10\Win32\Debug\TLibCommon\TComPattern.obj"
         "E:\A_LAB_workplace\HEVC_software\tags\HM-14.0\build\\vc10\Win32\Debug\TLibCommon\TComPic.obj"
         "E:\A_LAB_workplace\HEVC_software\tags\HM-14.0\build\\vc10\Win32\Debug\TLibCommon\TComPicSym.obj"
         "E:\A_LAB_workplace\HEVC_software\tags\HM-14.0\build\\vc10\Win32\Debug\TLibCommon\TComPicYuv.obj"
         "E:\A_LAB_workplace\HEVC_software\tags\HM-14.0\build\\vc10\Win32\Debug\TLibCommon\TComPicYuvMD5.obj"
         "E:\A_LAB_workplace\HEVC_software\tags\HM-14.0\build\\vc10\Win32\Debug\TLibCommon\TComPrediction.obj"
         "E:\A_LAB_workplace\HEVC_software\tags\HM-14.0\build\\vc10\Win32\Debug\TLibCommon\TComRdCost.obj"
         "E:\A_LAB_workplace\HEVC_software\tags\HM-14.0\build\\vc10\Win32\Debug\TLibCommon\TComRdCostWeightPrediction.obj"
         "E:\A_LAB_workplace\HEVC_software\tags\HM-14.0\build\\vc10\Win32\Debug\TLibCommon\TComRom.obj"
         "E:\A_LAB_workplace\HEVC_software\tags\HM-14.0\build\\vc10\Win32\Debug\TLibCommon\TComSampleAdaptiveOffset.obj"
         "E:\A_LAB_workplace\HEVC_software\tags\HM-14.0\build\\vc10\Win32\Debug\TLibCommon\TComSlice.obj"
         "E:\A_LAB_workplace\HEVC_software\tags\HM-14.0\build\\vc10\Win32\Debug\TLibCommon\TComTrQuant.obj"
         "E:\A_LAB_workplace\HEVC_software\tags\HM-14.0\build\\vc10\Win32\Debug\TLibCommon\TComWeightPrediction.obj"
         "E:\A_LAB_workplace\HEVC_software\tags\HM-14.0\build\\vc10\Win32\Debug\TLibCommon\TComYuv.obj"
         TLibCommon_vc10.vcxproj -> E:\A_LAB_workplace\HEVC_software\tags\HM-14.0\build\\vc10\Win32\Debug\TLibCommon\TLibCommon.lib
       FinalizeBuildStatus:
         正在删除文件“E:\A_LAB_workplace\HEVC_software\tags\HM-14.0\build\\vc10\Win32\Debug\TLibCommon\TLibCommon.unsuccessfulbuild”。
         正在对“E:\A_LAB_workplace\HEVC_software\tags\HM-14.0\build\\vc10\Win32\Debug\TLibCommon\TLibCommon.lastbuildstate”执行 Touch 任务。
     1>已完成生成项目“E:\A_LAB_workplace\HEVC_software\tags\HM-14.0\build\vc10\TLibCommon_vc10.vcxproj”(build 个目标)的操作。

生成成功。

已用时间 00:00:13.44
