E:\A_LAB_WORKPLACE\HM-14.0\BIN\VC10\WIN32\RELEASE\TAPPENCODER.EXE
E:\A_LAB_WORKPLACE\HM-14.0\BIN\VC10\WIN32\RELEASE\TAPPENCODER.PDB
E:\A_LAB_WORKPLACE\HM-14.0\BUILD\VC10\WIN32\RELEASE\TAPPENCODER\ENCMAIN.OBJ
E:\A_LAB_WORKPLACE\HM-14.0\BUILD\VC10\WIN32\RELEASE\TAPPENCODER\TAPPENCCFG.OBJ
E:\A_LAB_WORKPLACE\HM-14.0\BUILD\VC10\WIN32\RELEASE\TAPPENCODER\TAPPENCODER.EXE.INTERMEDIATE.MANIFEST
E:\A_LAB_WORKPLACE\HM-14.0\BUILD\VC10\WIN32\RELEASE\TAPPENCODER\TAPPENCTOP.OBJ
E:\A_LAB_WORKPLACE\HM-14.0\BUILD\VC10\WIN32\RELEASE\TAPPENCODER\VC100.PDB
E:\Github\myproject-p\HM-14.0\build\\..\bin\vc10\Win32\Release\TAppEncoder.exe
E:\Github\myproject-p\HM-14.0\build\\..\bin\vc10\Win32\Release\TAppEncoder.pdb
E:\Github\myproject-p\HM-14.0\build\vc10\Win32\Release\TAppEncoder\cl.command.1.tlog
E:\Github\myproject-p\HM-14.0\build\vc10\Win32\Release\TAppEncoder\CL.read.1.tlog
E:\Github\myproject-p\HM-14.0\build\vc10\Win32\Release\TAppEncoder\CL.write.1.tlog
E:\Github\myproject-p\HM-14.0\build\vc10\Win32\Release\TAppEncoder\encmain.obj
E:\Github\myproject-p\HM-14.0\build\vc10\Win32\Release\TAppEncoder\link.command.1.tlog
E:\Github\myproject-p\HM-14.0\build\vc10\Win32\Release\TAppEncoder\link.read.1.tlog
E:\Github\myproject-p\HM-14.0\build\vc10\Win32\Release\TAppEncoder\link.write.1.tlog
E:\Github\myproject-p\HM-14.0\build\vc10\Win32\Release\TAppEncoder\mt.command.1.tlog
E:\Github\myproject-p\HM-14.0\build\vc10\Win32\Release\TAppEncoder\mt.read.1.tlog
E:\Github\myproject-p\HM-14.0\build\vc10\Win32\Release\TAppEncoder\mt.write.1.tlog
E:\Github\myproject-p\HM-14.0\build\vc10\Win32\Release\TAppEncoder\TAppEncCfg.obj
E:\Github\myproject-p\HM-14.0\build\vc10\Win32\Release\TAppEncoder\TAppEncoder.exe.intermediate.manifest
E:\Github\myproject-p\HM-14.0\build\vc10\Win32\Release\TAppEncoder\TAppEncoder.write.1.tlog
E:\Github\myproject-p\HM-14.0\build\vc10\Win32\Release\TAppEncoder\TAppEncoder_vc10.vcxprojResolveAssemblyReference.cache
E:\Github\myproject-p\HM-14.0\build\vc10\Win32\Release\TAppEncoder\TAppEncTop.obj
E:\Github\myproject-p\HM-14.0\build\vc10\Win32\Release\TAppEncoder\vc100.pdb
