E:\A_LAB_workplace\HM-14.0_IME\build\\vc10\x64\Debug\TLibEncoder\TLibEncoder.lib
E:\A_LAB_workplace\HM-14.0_IME\build\vc10\x64\Debug\TLibEncoder\cl.command.1.tlog
E:\A_LAB_workplace\HM-14.0_IME\build\vc10\x64\Debug\TLibEncoder\CL.read.1.tlog
E:\A_LAB_workplace\HM-14.0_IME\build\vc10\x64\Debug\TLibEncoder\CL.write.1.tlog
E:\A_LAB_workplace\HM-14.0_IME\build\vc10\x64\Debug\TLibEncoder\lib.command.1.tlog
E:\A_LAB_workplace\HM-14.0_IME\build\vc10\x64\Debug\TLibEncoder\Lib-link.read.1.tlog
E:\A_LAB_workplace\HM-14.0_IME\build\vc10\x64\Debug\TLibEncoder\Lib-link.write.1.tlog
E:\A_LAB_WORKPLACE\HM-14.0_IME\BUILD\VC10\X64\DEBUG\TLIBENCODER\NALWRITE.OBJ
E:\A_LAB_WORKPLACE\HM-14.0_IME\BUILD\VC10\X64\DEBUG\TLIBENCODER\SEIWRITE.OBJ
E:\A_LAB_WORKPLACE\HM-14.0_IME\BUILD\VC10\X64\DEBUG\TLIBENCODER\SYNTAXELEMENTWRITER.OBJ
E:\A_LAB_WORKPLACE\HM-14.0_IME\BUILD\VC10\X64\DEBUG\TLIBENCODER\TENCANALYZE.OBJ
E:\A_LAB_WORKPLACE\HM-14.0_IME\BUILD\VC10\X64\DEBUG\TLIBENCODER\TENCBINCODERCABAC.OBJ
E:\A_LAB_WORKPLACE\HM-14.0_IME\BUILD\VC10\X64\DEBUG\TLIBENCODER\TENCBINCODERCABACCOUNTER.OBJ
E:\A_LAB_WORKPLACE\HM-14.0_IME\BUILD\VC10\X64\DEBUG\TLIBENCODER\TENCCAVLC.OBJ
E:\A_LAB_WORKPLACE\HM-14.0_IME\BUILD\VC10\X64\DEBUG\TLIBENCODER\TENCCU.OBJ
E:\A_LAB_WORKPLACE\HM-14.0_IME\BUILD\VC10\X64\DEBUG\TLIBENCODER\TENCENTROPY.OBJ
E:\A_LAB_WORKPLACE\HM-14.0_IME\BUILD\VC10\X64\DEBUG\TLIBENCODER\TENCGOP.OBJ
E:\A_LAB_WORKPLACE\HM-14.0_IME\BUILD\VC10\X64\DEBUG\TLIBENCODER\TENCPIC.OBJ
E:\A_LAB_WORKPLACE\HM-14.0_IME\BUILD\VC10\X64\DEBUG\TLIBENCODER\TENCPREANALYZER.OBJ
E:\A_LAB_WORKPLACE\HM-14.0_IME\BUILD\VC10\X64\DEBUG\TLIBENCODER\TENCRATECTRL.OBJ
E:\A_LAB_WORKPLACE\HM-14.0_IME\BUILD\VC10\X64\DEBUG\TLIBENCODER\TENCSAMPLEADAPTIVEOFFSET.OBJ
E:\A_LAB_WORKPLACE\HM-14.0_IME\BUILD\VC10\X64\DEBUG\TLIBENCODER\TENCSBAC.OBJ
E:\A_LAB_WORKPLACE\HM-14.0_IME\BUILD\VC10\X64\DEBUG\TLIBENCODER\TENCSEARCH.OBJ
E:\A_LAB_WORKPLACE\HM-14.0_IME\BUILD\VC10\X64\DEBUG\TLIBENCODER\TENCSLICE.OBJ
E:\A_LAB_WORKPLACE\HM-14.0_IME\BUILD\VC10\X64\DEBUG\TLIBENCODER\TENCTOP.OBJ
E:\A_LAB_WORKPLACE\HM-14.0_IME\BUILD\VC10\X64\DEBUG\TLIBENCODER\TLIBENCODER.LIB
E:\A_LAB_workplace\HM-14.0_IME\build\vc10\x64\Debug\TLibEncoder\TLibEncoder.write.1.tlog
E:\A_LAB_workplace\HM-14.0_IME\build\vc10\x64\Debug\TLibEncoder\vc100.idb
E:\A_LAB_WORKPLACE\HM-14.0_IME\BUILD\VC10\X64\DEBUG\TLIBENCODER\VC100.PDB
E:\A_LAB_WORKPLACE\HM-14.0_IME\BUILD\VC10\X64\DEBUG\TLIBENCODER\WEIGHTPREDANALYSIS.OBJ
