E:\A_LAB_WORKPLACE\HM-14.0_IME\BIN\VC10\X64\DEBUG\TAPPDECODER.EXE
E:\A_LAB_WORKPLACE\HM-14.0_IME\BIN\VC10\X64\DEBUG\TAPPDECODER.ILK
E:\A_LAB_WORKPLACE\HM-14.0_IME\BIN\VC10\X64\DEBUG\TAPPDECODER.PDB
E:\A_LAB_workplace\HM-14.0_IME\build\\..\bin\vc10\x64\Debug\TAppDecoder.exe
E:\A_LAB_workplace\HM-14.0_IME\build\\..\bin\vc10\x64\Debug\TAppDecoder.ilk
E:\A_LAB_workplace\HM-14.0_IME\build\\..\bin\vc10\x64\Debug\TAppDecoder.pdb
E:\A_LAB_workplace\HM-14.0_IME\build\vc10\x64\Debug\TAppDecoder\cl.command.1.tlog
E:\A_LAB_workplace\HM-14.0_IME\build\vc10\x64\Debug\TAppDecoder\CL.read.1.tlog
E:\A_LAB_workplace\HM-14.0_IME\build\vc10\x64\Debug\TAppDecoder\CL.write.1.tlog
E:\A_LAB_WORKPLACE\HM-14.0_IME\BUILD\VC10\X64\DEBUG\TAPPDECODER\DECMAIN.OBJ
E:\A_LAB_workplace\HM-14.0_IME\build\vc10\x64\Debug\TAppDecoder\link.5928.read.1.tlog
E:\A_LAB_workplace\HM-14.0_IME\build\vc10\x64\Debug\TAppDecoder\link.5928.write.1.tlog
E:\A_LAB_workplace\HM-14.0_IME\build\vc10\x64\Debug\TAppDecoder\link.5928-cvtres.read.1.tlog
E:\A_LAB_workplace\HM-14.0_IME\build\vc10\x64\Debug\TAppDecoder\link.5928-cvtres.write.1.tlog
E:\A_LAB_workplace\HM-14.0_IME\build\vc10\x64\Debug\TAppDecoder\link.command.1.tlog
E:\A_LAB_workplace\HM-14.0_IME\build\vc10\x64\Debug\TAppDecoder\link.read.1.tlog
E:\A_LAB_workplace\HM-14.0_IME\build\vc10\x64\Debug\TAppDecoder\link.write.1.tlog
E:\A_LAB_workplace\HM-14.0_IME\build\vc10\x64\Debug\TAppDecoder\link-cvtres.read.1.tlog
E:\A_LAB_workplace\HM-14.0_IME\build\vc10\x64\Debug\TAppDecoder\link-cvtres.write.1.tlog
E:\A_LAB_workplace\HM-14.0_IME\build\vc10\x64\Debug\TAppDecoder\mt.command.1.tlog
E:\A_LAB_workplace\HM-14.0_IME\build\vc10\x64\Debug\TAppDecoder\mt.read.1.tlog
E:\A_LAB_workplace\HM-14.0_IME\build\vc10\x64\Debug\TAppDecoder\mt.write.1.tlog
E:\A_LAB_workplace\HM-14.0_IME\build\vc10\x64\Debug\TAppDecoder\rc.command.1.tlog
E:\A_LAB_workplace\HM-14.0_IME\build\vc10\x64\Debug\TAppDecoder\rc.read.1.tlog
E:\A_LAB_workplace\HM-14.0_IME\build\vc10\x64\Debug\TAppDecoder\rc.write.1.tlog
E:\A_LAB_WORKPLACE\HM-14.0_IME\BUILD\VC10\X64\DEBUG\TAPPDECODER\TAPPDECCFG.OBJ
E:\A_LAB_WORKPLACE\HM-14.0_IME\BUILD\VC10\X64\DEBUG\TAPPDECODER\TAPPDECODER.EXE.EMBED.MANIFEST
E:\A_LAB_WORKPLACE\HM-14.0_IME\BUILD\VC10\X64\DEBUG\TAPPDECODER\TAPPDECODER.EXE.EMBED.MANIFEST.RES
E:\A_LAB_WORKPLACE\HM-14.0_IME\BUILD\VC10\X64\DEBUG\TAPPDECODER\TAPPDECODER.EXE.INTERMEDIATE.MANIFEST
E:\A_LAB_workplace\HM-14.0_IME\build\vc10\x64\Debug\TAppDecoder\TAppDecoder.write.1.tlog
E:\A_LAB_workplace\HM-14.0_IME\build\vc10\x64\Debug\TAppDecoder\TAppDecoder_manifest.rc
E:\A_LAB_WORKPLACE\HM-14.0_IME\BUILD\VC10\X64\DEBUG\TAPPDECODER\TAPPDECTOP.OBJ
E:\A_LAB_workplace\HM-14.0_IME\build\vc10\x64\Debug\TAppDecoder\vc100.idb
E:\A_LAB_WORKPLACE\HM-14.0_IME\BUILD\VC10\X64\DEBUG\TAPPDECODER\VC100.PDB
