E:\A_LAB_WORKPLACE\HM-14.0_IME\BIN\VC10\X64\DEBUG\TAPPENCODER.EXE
E:\A_LAB_WORKPLACE\HM-14.0_IME\BIN\VC10\X64\DEBUG\TAPPENCODER.ILK
E:\A_LAB_WORKPLACE\HM-14.0_IME\BIN\VC10\X64\DEBUG\TAPPENCODER.PDB
E:\A_LAB_workplace\HM-14.0_IME\build\\..\bin\vc10\x64\Debug\TAppEncoder.exe
E:\A_LAB_workplace\HM-14.0_IME\build\\..\bin\vc10\x64\Debug\TAppEncoder.ilk
E:\A_LAB_workplace\HM-14.0_IME\build\\..\bin\vc10\x64\Debug\TAppEncoder.pdb
E:\A_LAB_workplace\HM-14.0_IME\build\vc10\x64\Debug\TAppEncoder\cl.command.1.tlog
E:\A_LAB_workplace\HM-14.0_IME\build\vc10\x64\Debug\TAppEncoder\CL.read.1.tlog
E:\A_LAB_workplace\HM-14.0_IME\build\vc10\x64\Debug\TAppEncoder\CL.write.1.tlog
E:\A_LAB_WORKPLACE\HM-14.0_IME\BUILD\VC10\X64\DEBUG\TAPPENCODER\ENCMAIN.OBJ
E:\A_LAB_workplace\HM-14.0_IME\build\vc10\x64\Debug\TAppEncoder\link.9024.read.1.tlog
E:\A_LAB_workplace\HM-14.0_IME\build\vc10\x64\Debug\TAppEncoder\link.9024.write.1.tlog
E:\A_LAB_workplace\HM-14.0_IME\build\vc10\x64\Debug\TAppEncoder\link.9024-cvtres.read.1.tlog
E:\A_LAB_workplace\HM-14.0_IME\build\vc10\x64\Debug\TAppEncoder\link.9024-cvtres.write.1.tlog
E:\A_LAB_workplace\HM-14.0_IME\build\vc10\x64\Debug\TAppEncoder\link.command.1.tlog
E:\A_LAB_workplace\HM-14.0_IME\build\vc10\x64\Debug\TAppEncoder\link.read.1.tlog
E:\A_LAB_workplace\HM-14.0_IME\build\vc10\x64\Debug\TAppEncoder\link.write.1.tlog
E:\A_LAB_workplace\HM-14.0_IME\build\vc10\x64\Debug\TAppEncoder\link-cvtres.read.1.tlog
E:\A_LAB_workplace\HM-14.0_IME\build\vc10\x64\Debug\TAppEncoder\link-cvtres.write.1.tlog
E:\A_LAB_workplace\HM-14.0_IME\build\vc10\x64\Debug\TAppEncoder\mt.command.1.tlog
E:\A_LAB_workplace\HM-14.0_IME\build\vc10\x64\Debug\TAppEncoder\mt.read.1.tlog
E:\A_LAB_workplace\HM-14.0_IME\build\vc10\x64\Debug\TAppEncoder\mt.write.1.tlog
E:\A_LAB_workplace\HM-14.0_IME\build\vc10\x64\Debug\TAppEncoder\rc.command.1.tlog
E:\A_LAB_workplace\HM-14.0_IME\build\vc10\x64\Debug\TAppEncoder\rc.read.1.tlog
E:\A_LAB_workplace\HM-14.0_IME\build\vc10\x64\Debug\TAppEncoder\rc.write.1.tlog
E:\A_LAB_WORKPLACE\HM-14.0_IME\BUILD\VC10\X64\DEBUG\TAPPENCODER\TAPPENCCFG.OBJ
E:\A_LAB_WORKPLACE\HM-14.0_IME\BUILD\VC10\X64\DEBUG\TAPPENCODER\TAPPENCODER.EXE.EMBED.MANIFEST
E:\A_LAB_WORKPLACE\HM-14.0_IME\BUILD\VC10\X64\DEBUG\TAPPENCODER\TAPPENCODER.EXE.EMBED.MANIFEST.RES
E:\A_LAB_WORKPLACE\HM-14.0_IME\BUILD\VC10\X64\DEBUG\TAPPENCODER\TAPPENCODER.EXE.INTERMEDIATE.MANIFEST
E:\A_LAB_workplace\HM-14.0_IME\build\vc10\x64\Debug\TAppEncoder\TAppEncoder.write.1.tlog
E:\A_LAB_workplace\HM-14.0_IME\build\vc10\x64\Debug\TAppEncoder\TAppEncoder_manifest.rc
E:\A_LAB_WORKPLACE\HM-14.0_IME\BUILD\VC10\X64\DEBUG\TAPPENCODER\TAPPENCTOP.OBJ
E:\A_LAB_workplace\HM-14.0_IME\build\vc10\x64\Debug\TAppEncoder\vc100.idb
E:\A_LAB_WORKPLACE\HM-14.0_IME\BUILD\VC10\X64\DEBUG\TAPPENCODER\VC100.PDB
