E:\A_LAB_workplace\HEVC_software\tags\HM-14.0\build\\vc10\Win32\Release\TLibDecoder\TLibDecoder.lib
E:\A_LAB_WORKPLACE\HEVC_SOFTWARE\TAGS\HM-14.0\BUILD\VC10\WIN32\RELEASE\TLIBDECODER\ANNEXBREAD.OBJ
E:\A_LAB_workplace\HEVC_software\tags\HM-14.0\build\vc10\Win32\Release\TLibDecoder\cl.command.1.tlog
E:\A_LAB_workplace\HEVC_software\tags\HM-14.0\build\vc10\Win32\Release\TLibDecoder\CL.read.1.tlog
E:\A_LAB_workplace\HEVC_software\tags\HM-14.0\build\vc10\Win32\Release\TLibDecoder\CL.write.1.tlog
E:\A_LAB_workplace\HEVC_software\tags\HM-14.0\build\vc10\Win32\Release\TLibDecoder\lib.command.1.tlog
E:\A_LAB_workplace\HEVC_software\tags\HM-14.0\build\vc10\Win32\Release\TLibDecoder\Lib-link.read.1.tlog
E:\A_LAB_workplace\HEVC_software\tags\HM-14.0\build\vc10\Win32\Release\TLibDecoder\Lib-link.write.1.tlog
E:\A_LAB_WORKPLACE\HEVC_SOFTWARE\TAGS\HM-14.0\BUILD\VC10\WIN32\RELEASE\TLIBDECODER\NALREAD.OBJ
E:\A_LAB_WORKPLACE\HEVC_SOFTWARE\TAGS\HM-14.0\BUILD\VC10\WIN32\RELEASE\TLIBDECODER\SEIREAD.OBJ
E:\A_LAB_WORKPLACE\HEVC_SOFTWARE\TAGS\HM-14.0\BUILD\VC10\WIN32\RELEASE\TLIBDECODER\SYNTAXELEMENTPARSER.OBJ
E:\A_LAB_WORKPLACE\HEVC_SOFTWARE\TAGS\HM-14.0\BUILD\VC10\WIN32\RELEASE\TLIBDECODER\TDECBINCODERCABAC.OBJ
E:\A_LAB_WORKPLACE\HEVC_SOFTWARE\TAGS\HM-14.0\BUILD\VC10\WIN32\RELEASE\TLIBDECODER\TDECCAVLC.OBJ
E:\A_LAB_WORKPLACE\HEVC_SOFTWARE\TAGS\HM-14.0\BUILD\VC10\WIN32\RELEASE\TLIBDECODER\TDECCU.OBJ
E:\A_LAB_WORKPLACE\HEVC_SOFTWARE\TAGS\HM-14.0\BUILD\VC10\WIN32\RELEASE\TLIBDECODER\TDECENTROPY.OBJ
E:\A_LAB_WORKPLACE\HEVC_SOFTWARE\TAGS\HM-14.0\BUILD\VC10\WIN32\RELEASE\TLIBDECODER\TDECGOP.OBJ
E:\A_LAB_WORKPLACE\HEVC_SOFTWARE\TAGS\HM-14.0\BUILD\VC10\WIN32\RELEASE\TLIBDECODER\TDECSBAC.OBJ
E:\A_LAB_WORKPLACE\HEVC_SOFTWARE\TAGS\HM-14.0\BUILD\VC10\WIN32\RELEASE\TLIBDECODER\TDECSLICE.OBJ
E:\A_LAB_WORKPLACE\HEVC_SOFTWARE\TAGS\HM-14.0\BUILD\VC10\WIN32\RELEASE\TLIBDECODER\TDECTOP.OBJ
E:\A_LAB_WORKPLACE\HEVC_SOFTWARE\TAGS\HM-14.0\BUILD\VC10\WIN32\RELEASE\TLIBDECODER\TLIBDECODER.LIB
E:\A_LAB_workplace\HEVC_software\tags\HM-14.0\build\vc10\Win32\Release\TLibDecoder\TLibDecoder.write.1.tlog
E:\A_LAB_WORKPLACE\HEVC_SOFTWARE\TAGS\HM-14.0\BUILD\VC10\WIN32\RELEASE\TLIBDECODER\VC100.PDB
