E:\A_LAB_workplace\HEVC_software\tags\HM-14.0\build\\vc10\Win32\Debug\TLibEncoder\TLibEncoder.lib
E:\A_LAB_workplace\HEVC_software\tags\HM-14.0\build\vc10\Win32\Debug\TLibEncoder\cl.command.1.tlog
E:\A_LAB_workplace\HEVC_software\tags\HM-14.0\build\vc10\Win32\Debug\TLibEncoder\CL.read.1.tlog
E:\A_LAB_workplace\HEVC_software\tags\HM-14.0\build\vc10\Win32\Debug\TLibEncoder\CL.write.1.tlog
E:\A_LAB_workplace\HEVC_software\tags\HM-14.0\build\vc10\Win32\Debug\TLibEncoder\lib.command.1.tlog
E:\A_LAB_workplace\HEVC_software\tags\HM-14.0\build\vc10\Win32\Debug\TLibEncoder\Lib-link.read.1.tlog
E:\A_LAB_workplace\HEVC_software\tags\HM-14.0\build\vc10\Win32\Debug\TLibEncoder\Lib-link.write.1.tlog
E:\A_LAB_WORKPLACE\HEVC_SOFTWARE\TAGS\HM-14.0\BUILD\VC10\WIN32\DEBUG\TLIBENCODER\NALWRITE.OBJ
E:\A_LAB_WORKPLACE\HEVC_SOFTWARE\TAGS\HM-14.0\BUILD\VC10\WIN32\DEBUG\TLIBENCODER\SEIWRITE.OBJ
E:\A_LAB_WORKPLACE\HEVC_SOFTWARE\TAGS\HM-14.0\BUILD\VC10\WIN32\DEBUG\TLIBENCODER\SYNTAXELEMENTWRITER.OBJ
E:\A_LAB_WORKPLACE\HEVC_SOFTWARE\TAGS\HM-14.0\BUILD\VC10\WIN32\DEBUG\TLIBENCODER\TENCANALYZE.OBJ
E:\A_LAB_WORKPLACE\HEVC_SOFTWARE\TAGS\HM-14.0\BUILD\VC10\WIN32\DEBUG\TLIBENCODER\TENCBINCODERCABAC.OBJ
E:\A_LAB_WORKPLACE\HEVC_SOFTWARE\TAGS\HM-14.0\BUILD\VC10\WIN32\DEBUG\TLIBENCODER\TENCBINCODERCABACCOUNTER.OBJ
E:\A_LAB_WORKPLACE\HEVC_SOFTWARE\TAGS\HM-14.0\BUILD\VC10\WIN32\DEBUG\TLIBENCODER\TENCCAVLC.OBJ
E:\A_LAB_WORKPLACE\HEVC_SOFTWARE\TAGS\HM-14.0\BUILD\VC10\WIN32\DEBUG\TLIBENCODER\TENCCU.OBJ
E:\A_LAB_WORKPLACE\HEVC_SOFTWARE\TAGS\HM-14.0\BUILD\VC10\WIN32\DEBUG\TLIBENCODER\TENCENTROPY.OBJ
E:\A_LAB_WORKPLACE\HEVC_SOFTWARE\TAGS\HM-14.0\BUILD\VC10\WIN32\DEBUG\TLIBENCODER\TENCGOP.OBJ
E:\A_LAB_WORKPLACE\HEVC_SOFTWARE\TAGS\HM-14.0\BUILD\VC10\WIN32\DEBUG\TLIBENCODER\TENCPIC.OBJ
E:\A_LAB_WORKPLACE\HEVC_SOFTWARE\TAGS\HM-14.0\BUILD\VC10\WIN32\DEBUG\TLIBENCODER\TENCPREANALYZER.OBJ
E:\A_LAB_WORKPLACE\HEVC_SOFTWARE\TAGS\HM-14.0\BUILD\VC10\WIN32\DEBUG\TLIBENCODER\TENCRATECTRL.OBJ
E:\A_LAB_WORKPLACE\HEVC_SOFTWARE\TAGS\HM-14.0\BUILD\VC10\WIN32\DEBUG\TLIBENCODER\TENCSAMPLEADAPTIVEOFFSET.OBJ
E:\A_LAB_WORKPLACE\HEVC_SOFTWARE\TAGS\HM-14.0\BUILD\VC10\WIN32\DEBUG\TLIBENCODER\TENCSBAC.OBJ
E:\A_LAB_WORKPLACE\HEVC_SOFTWARE\TAGS\HM-14.0\BUILD\VC10\WIN32\DEBUG\TLIBENCODER\TENCSEARCH.OBJ
E:\A_LAB_WORKPLACE\HEVC_SOFTWARE\TAGS\HM-14.0\BUILD\VC10\WIN32\DEBUG\TLIBENCODER\TENCSLICE.OBJ
E:\A_LAB_WORKPLACE\HEVC_SOFTWARE\TAGS\HM-14.0\BUILD\VC10\WIN32\DEBUG\TLIBENCODER\TENCTOP.OBJ
E:\A_LAB_WORKPLACE\HEVC_SOFTWARE\TAGS\HM-14.0\BUILD\VC10\WIN32\DEBUG\TLIBENCODER\TLIBENCODER.LIB
E:\A_LAB_workplace\HEVC_software\tags\HM-14.0\build\vc10\Win32\Debug\TLibEncoder\TLibEncoder.write.1.tlog
E:\A_LAB_workplace\HEVC_software\tags\HM-14.0\build\vc10\Win32\Debug\TLibEncoder\TLibEncoder_vc10.vcxprojResolveAssemblyReference.cache
E:\A_LAB_workplace\HEVC_software\tags\HM-14.0\build\vc10\Win32\Debug\TLibEncoder\vc100.idb
E:\A_LAB_WORKPLACE\HEVC_SOFTWARE\TAGS\HM-14.0\BUILD\VC10\WIN32\DEBUG\TLIBENCODER\VC100.PDB
E:\A_LAB_WORKPLACE\HEVC_SOFTWARE\TAGS\HM-14.0\BUILD\VC10\WIN32\DEBUG\TLIBENCODER\WEIGHTPREDANALYSIS.OBJ
E:\HEVC_SOFTWARE\TAGS\HM-14.0\BUILD\VC10\WIN32\DEBUG\TLIBENCODER\NALWRITE.OBJ
E:\HEVC_SOFTWARE\TAGS\HM-14.0\BUILD\VC10\WIN32\DEBUG\TLIBENCODER\SEIWRITE.OBJ
E:\HEVC_SOFTWARE\TAGS\HM-14.0\BUILD\VC10\WIN32\DEBUG\TLIBENCODER\SYNTAXELEMENTWRITER.OBJ
E:\HEVC_SOFTWARE\TAGS\HM-14.0\BUILD\VC10\WIN32\DEBUG\TLIBENCODER\TENCANALYZE.OBJ
E:\HEVC_SOFTWARE\TAGS\HM-14.0\BUILD\VC10\WIN32\DEBUG\TLIBENCODER\TENCBINCODERCABAC.OBJ
E:\HEVC_SOFTWARE\TAGS\HM-14.0\BUILD\VC10\WIN32\DEBUG\TLIBENCODER\TENCBINCODERCABACCOUNTER.OBJ
E:\HEVC_SOFTWARE\TAGS\HM-14.0\BUILD\VC10\WIN32\DEBUG\TLIBENCODER\TENCCAVLC.OBJ
E:\HEVC_SOFTWARE\TAGS\HM-14.0\BUILD\VC10\WIN32\DEBUG\TLIBENCODER\TENCCU.OBJ
E:\HEVC_SOFTWARE\TAGS\HM-14.0\BUILD\VC10\WIN32\DEBUG\TLIBENCODER\TENCENTROPY.OBJ
E:\HEVC_SOFTWARE\TAGS\HM-14.0\BUILD\VC10\WIN32\DEBUG\TLIBENCODER\TENCGOP.OBJ
E:\HEVC_SOFTWARE\TAGS\HM-14.0\BUILD\VC10\WIN32\DEBUG\TLIBENCODER\TENCPIC.OBJ
E:\HEVC_SOFTWARE\TAGS\HM-14.0\BUILD\VC10\WIN32\DEBUG\TLIBENCODER\TENCPREANALYZER.OBJ
E:\HEVC_SOFTWARE\TAGS\HM-14.0\BUILD\VC10\WIN32\DEBUG\TLIBENCODER\TENCRATECTRL.OBJ
E:\HEVC_SOFTWARE\TAGS\HM-14.0\BUILD\VC10\WIN32\DEBUG\TLIBENCODER\TENCSAMPLEADAPTIVEOFFSET.OBJ
E:\HEVC_SOFTWARE\TAGS\HM-14.0\BUILD\VC10\WIN32\DEBUG\TLIBENCODER\TENCSBAC.OBJ
E:\HEVC_SOFTWARE\TAGS\HM-14.0\BUILD\VC10\WIN32\DEBUG\TLIBENCODER\TENCSEARCH.OBJ
E:\HEVC_SOFTWARE\TAGS\HM-14.0\BUILD\VC10\WIN32\DEBUG\TLIBENCODER\TENCSLICE.OBJ
E:\HEVC_SOFTWARE\TAGS\HM-14.0\BUILD\VC10\WIN32\DEBUG\TLIBENCODER\TENCTOP.OBJ
E:\HEVC_SOFTWARE\TAGS\HM-14.0\BUILD\VC10\WIN32\DEBUG\TLIBENCODER\TLIBENCODER.LIB
E:\HEVC_SOFTWARE\TAGS\HM-14.0\BUILD\VC10\WIN32\DEBUG\TLIBENCODER\VC100.PDB
E:\HEVC_SOFTWARE\TAGS\HM-14.0\BUILD\VC10\WIN32\DEBUG\TLIBENCODER\WEIGHTPREDANALYSIS.OBJ
