E:\A_LAB_workplace\HM-14.0_IME\build\\vc10\x64\Debug\TLibCommon\TLibCommon.lib
E:\A_LAB_workplace\HM-14.0_IME\build\vc10\x64\Debug\TLibCommon\cl.command.1.tlog
E:\A_LAB_workplace\HM-14.0_IME\build\vc10\x64\Debug\TLibCommon\CL.read.1.tlog
E:\A_LAB_workplace\HM-14.0_IME\build\vc10\x64\Debug\TLibCommon\CL.write.1.tlog
E:\A_LAB_WORKPLACE\HM-14.0_IME\BUILD\VC10\X64\DEBUG\TLIBCOMMON\CONTEXTMODEL.OBJ
E:\A_LAB_WORKPLACE\HM-14.0_IME\BUILD\VC10\X64\DEBUG\TLIBCOMMON\CONTEXTMODEL3DBUFFER.OBJ
E:\A_LAB_workplace\HM-14.0_IME\build\vc10\x64\Debug\TLibCommon\lib.command.1.tlog
E:\A_LAB_workplace\HM-14.0_IME\build\vc10\x64\Debug\TLibCommon\Lib-link.read.1.tlog
E:\A_LAB_workplace\HM-14.0_IME\build\vc10\x64\Debug\TLibCommon\Lib-link.write.1.tlog
E:\A_LAB_WORKPLACE\HM-14.0_IME\BUILD\VC10\X64\DEBUG\TLIBCOMMON\LIBMD5.OBJ
E:\A_LAB_WORKPLACE\HM-14.0_IME\BUILD\VC10\X64\DEBUG\TLIBCOMMON\SEI.OBJ
E:\A_LAB_WORKPLACE\HM-14.0_IME\BUILD\VC10\X64\DEBUG\TLIBCOMMON\TCOMBITSTREAM.OBJ
E:\A_LAB_WORKPLACE\HM-14.0_IME\BUILD\VC10\X64\DEBUG\TLIBCOMMON\TCOMCABACTABLES.OBJ
E:\A_LAB_WORKPLACE\HM-14.0_IME\BUILD\VC10\X64\DEBUG\TLIBCOMMON\TCOMDATACU.OBJ
E:\A_LAB_WORKPLACE\HM-14.0_IME\BUILD\VC10\X64\DEBUG\TLIBCOMMON\TCOMINTERPOLATIONFILTER.OBJ
E:\A_LAB_WORKPLACE\HM-14.0_IME\BUILD\VC10\X64\DEBUG\TLIBCOMMON\TCOMLOOPFILTER.OBJ
E:\A_LAB_WORKPLACE\HM-14.0_IME\BUILD\VC10\X64\DEBUG\TLIBCOMMON\TCOMMOTIONINFO.OBJ
E:\A_LAB_WORKPLACE\HM-14.0_IME\BUILD\VC10\X64\DEBUG\TLIBCOMMON\TCOMPATTERN.OBJ
E:\A_LAB_WORKPLACE\HM-14.0_IME\BUILD\VC10\X64\DEBUG\TLIBCOMMON\TCOMPIC.OBJ
E:\A_LAB_WORKPLACE\HM-14.0_IME\BUILD\VC10\X64\DEBUG\TLIBCOMMON\TCOMPICSYM.OBJ
E:\A_LAB_WORKPLACE\HM-14.0_IME\BUILD\VC10\X64\DEBUG\TLIBCOMMON\TCOMPICYUV.OBJ
E:\A_LAB_WORKPLACE\HM-14.0_IME\BUILD\VC10\X64\DEBUG\TLIBCOMMON\TCOMPICYUVMD5.OBJ
E:\A_LAB_WORKPLACE\HM-14.0_IME\BUILD\VC10\X64\DEBUG\TLIBCOMMON\TCOMPREDICTION.OBJ
E:\A_LAB_WORKPLACE\HM-14.0_IME\BUILD\VC10\X64\DEBUG\TLIBCOMMON\TCOMRDCOST.OBJ
E:\A_LAB_WORKPLACE\HM-14.0_IME\BUILD\VC10\X64\DEBUG\TLIBCOMMON\TCOMRDCOSTWEIGHTPREDICTION.OBJ
E:\A_LAB_WORKPLACE\HM-14.0_IME\BUILD\VC10\X64\DEBUG\TLIBCOMMON\TCOMROM.OBJ
E:\A_LAB_WORKPLACE\HM-14.0_IME\BUILD\VC10\X64\DEBUG\TLIBCOMMON\TCOMSAMPLEADAPTIVEOFFSET.OBJ
E:\A_LAB_WORKPLACE\HM-14.0_IME\BUILD\VC10\X64\DEBUG\TLIBCOMMON\TCOMSLICE.OBJ
E:\A_LAB_WORKPLACE\HM-14.0_IME\BUILD\VC10\X64\DEBUG\TLIBCOMMON\TCOMTRQUANT.OBJ
E:\A_LAB_WORKPLACE\HM-14.0_IME\BUILD\VC10\X64\DEBUG\TLIBCOMMON\TCOMWEIGHTPREDICTION.OBJ
E:\A_LAB_WORKPLACE\HM-14.0_IME\BUILD\VC10\X64\DEBUG\TLIBCOMMON\TCOMYUV.OBJ
E:\A_LAB_WORKPLACE\HM-14.0_IME\BUILD\VC10\X64\DEBUG\TLIBCOMMON\TLIBCOMMON.LIB
E:\A_LAB_workplace\HM-14.0_IME\build\vc10\x64\Debug\TLibCommon\TLibCommon.write.1.tlog
E:\A_LAB_workplace\HM-14.0_IME\build\vc10\x64\Debug\TLibCommon\vc100.idb
E:\A_LAB_WORKPLACE\HM-14.0_IME\BUILD\VC10\X64\DEBUG\TLIBCOMMON\VC100.PDB
