E:\A_LAB_WORKPLACE\HEVC_SOFTWARE\TAGS\HM-14.0\BIN\VC10\WIN32\DEBUG\TAPPENCODER.EXE
E:\A_LAB_WORKPLACE\HEVC_SOFTWARE\TAGS\HM-14.0\BIN\VC10\WIN32\DEBUG\TAPPENCODER.ILK
E:\A_LAB_WORKPLACE\HEVC_SOFTWARE\TAGS\HM-14.0\BIN\VC10\WIN32\DEBUG\TAPPENCODER.PDB
E:\A_LAB_workplace\HEVC_software\tags\HM-14.0\build\\..\bin\vc10\Win32\Debug\TAppEncoder.exe
E:\A_LAB_workplace\HEVC_software\tags\HM-14.0\build\\..\bin\vc10\Win32\Debug\TAppEncoder.exe.manifest
E:\A_LAB_workplace\HEVC_software\tags\HM-14.0\build\\..\bin\vc10\Win32\Debug\TAppEncoder.ilk
E:\A_LAB_workplace\HEVC_software\tags\HM-14.0\build\\..\bin\vc10\Win32\Debug\TAppEncoder.pdb
E:\A_LAB_workplace\HEVC_software\tags\HM-14.0\build\vc10\Win32\Debug\TAppEncoder\cl.command.1.tlog
E:\A_LAB_workplace\HEVC_software\tags\HM-14.0\build\vc10\Win32\Debug\TAppEncoder\CL.read.1.tlog
E:\A_LAB_workplace\HEVC_software\tags\HM-14.0\build\vc10\Win32\Debug\TAppEncoder\CL.write.1.tlog
E:\A_LAB_WORKPLACE\HEVC_SOFTWARE\TAGS\HM-14.0\BUILD\VC10\WIN32\DEBUG\TAPPENCODER\ENCMAIN.OBJ
E:\A_LAB_workplace\HEVC_software\tags\HM-14.0\build\vc10\Win32\Debug\TAppEncoder\link.7504.read.1.tlog
E:\A_LAB_workplace\HEVC_software\tags\HM-14.0\build\vc10\Win32\Debug\TAppEncoder\link.7504.write.1.tlog
E:\A_LAB_workplace\HEVC_software\tags\HM-14.0\build\vc10\Win32\Debug\TAppEncoder\link.command.1.tlog
E:\A_LAB_workplace\HEVC_software\tags\HM-14.0\build\vc10\Win32\Debug\TAppEncoder\link.read.1.tlog
E:\A_LAB_workplace\HEVC_software\tags\HM-14.0\build\vc10\Win32\Debug\TAppEncoder\link.write.1.tlog
E:\A_LAB_workplace\HEVC_software\tags\HM-14.0\build\vc10\Win32\Debug\TAppEncoder\mt.command.1.tlog
E:\A_LAB_workplace\HEVC_software\tags\HM-14.0\build\vc10\Win32\Debug\TAppEncoder\mt.read.1.tlog
E:\A_LAB_workplace\HEVC_software\tags\HM-14.0\build\vc10\Win32\Debug\TAppEncoder\mt.write.1.tlog
E:\A_LAB_workplace\HEVC_software\tags\HM-14.0\build\vc10\Win32\Debug\TAppEncoder\rc.command.1.tlog
E:\A_LAB_workplace\HEVC_software\tags\HM-14.0\build\vc10\Win32\Debug\TAppEncoder\rc.read.1.tlog
E:\A_LAB_workplace\HEVC_software\tags\HM-14.0\build\vc10\Win32\Debug\TAppEncoder\rc.write.1.tlog
E:\A_LAB_WORKPLACE\HEVC_SOFTWARE\TAGS\HM-14.0\BUILD\VC10\WIN32\DEBUG\TAPPENCODER\TAPPENCCFG.OBJ
E:\A_LAB_workplace\HEVC_software\tags\HM-14.0\build\vc10\Win32\Debug\TAppEncoder\TAppEncoder.exe.embed.manifest
E:\A_LAB_workplace\HEVC_software\tags\HM-14.0\build\vc10\Win32\Debug\TAppEncoder\TAppEncoder.exe.embed.manifest.res
E:\A_LAB_WORKPLACE\HEVC_SOFTWARE\TAGS\HM-14.0\BUILD\VC10\WIN32\DEBUG\TAPPENCODER\TAPPENCODER.EXE.INTERMEDIATE.MANIFEST
E:\A_LAB_workplace\HEVC_software\tags\HM-14.0\build\vc10\Win32\Debug\TAppEncoder\TAppEncoder.write.1.tlog
E:\A_LAB_workplace\HEVC_software\tags\HM-14.0\build\vc10\Win32\Debug\TAppEncoder\TAppEncoder_manifest.rc
E:\A_LAB_workplace\HEVC_software\tags\HM-14.0\build\vc10\Win32\Debug\TAppEncoder\TAppEncoder_vc10.vcxprojResolveAssemblyReference.cache
E:\A_LAB_WORKPLACE\HEVC_SOFTWARE\TAGS\HM-14.0\BUILD\VC10\WIN32\DEBUG\TAPPENCODER\TAPPENCTOP.OBJ
E:\A_LAB_workplace\HEVC_software\tags\HM-14.0\build\vc10\Win32\Debug\TAppEncoder\vc100.idb
E:\A_LAB_WORKPLACE\HEVC_SOFTWARE\TAGS\HM-14.0\BUILD\VC10\WIN32\DEBUG\TAPPENCODER\VC100.PDB
E:\HEVC_SOFTWARE\TAGS\HM-14.0\BIN\VC10\WIN32\DEBUG\TAPPENCODER.EXE
E:\HEVC_SOFTWARE\TAGS\HM-14.0\BIN\VC10\WIN32\DEBUG\TAPPENCODER.EXE.MANIFEST
E:\HEVC_SOFTWARE\TAGS\HM-14.0\BIN\VC10\WIN32\DEBUG\TAPPENCODER.ILK
E:\HEVC_SOFTWARE\TAGS\HM-14.0\BIN\VC10\WIN32\DEBUG\TAPPENCODER.PDB
E:\HEVC_SOFTWARE\TAGS\HM-14.0\BUILD\VC10\WIN32\DEBUG\TAPPENCODER\ENCMAIN.OBJ
E:\HEVC_SOFTWARE\TAGS\HM-14.0\BUILD\VC10\WIN32\DEBUG\TAPPENCODER\TAPPENCCFG.OBJ
E:\HEVC_SOFTWARE\TAGS\HM-14.0\BUILD\VC10\WIN32\DEBUG\TAPPENCODER\TAPPENCODER.EXE.EMBED.MANIFEST.RES
E:\HEVC_SOFTWARE\TAGS\HM-14.0\BUILD\VC10\WIN32\DEBUG\TAPPENCODER\TAPPENCODER.EXE.INTERMEDIATE.MANIFEST
E:\HEVC_SOFTWARE\TAGS\HM-14.0\BUILD\VC10\WIN32\DEBUG\TAPPENCODER\TAPPENCTOP.OBJ
E:\HEVC_SOFTWARE\TAGS\HM-14.0\BUILD\VC10\WIN32\DEBUG\TAPPENCODER\VC100.PDB
