生成启动时间为 2014/8/7 18:45:23。
     1>项目“E:\A_LAB_workplace\HEVC_software\tags\HM-14.0\build\vc10\TAppEncoder_vc10.vcxproj”在节点 2 上(rebuild 个目标)。
     1>_PrepareForClean:
         正在删除文件“E:\A_LAB_workplace\HEVC_software\tags\HM-14.0\build\\vc10\Win32\Debug\TAppEncoder\TAppEncoder.lastbuildstate”。
       InitializeBuildStatus:
         正在创建“E:\A_LAB_workplace\HEVC_software\tags\HM-14.0\build\\vc10\Win32\Debug\TAppEncoder\TAppEncoder.unsuccessfulbuild”，因为已指定“AlwaysCreate”。
       ClCompile:
         D:\Program Files\Visual_Studio_2010\VC\bin\CL.exe /c /I"E:\A_LAB_workplace\HEVC_software\tags\HM-14.0\build\\..\source\Lib\\" /I"E:\A_LAB_workplace\HEVC_software\tags\HM-14.0\build\\..\compat\msvc" /ZI /nologo /W3 /WX- /Od /Oy- /D WIN32 /D _DEBUG /D _CONSOLE /D _CRT_SECURE_NO_WARNINGS /D _MBCS /Gm /EHsc /RTC1 /MTd /GS /fp:precise /Zc:wchar_t /Zc:forScope /Fo"E:\A_LAB_workplace\HEVC_software\tags\HM-14.0\build\\vc10\Win32\Debug\TAppEncoder\\" /Fd"E:\A_LAB_workplace\HEVC_software\tags\HM-14.0\build\\vc10\Win32\Debug\TAppEncoder\vc100.pdb" /Gd /TP /analyze- /errorReport:prompt ..\..\source\App\TAppEncoder\encmain.cpp ..\..\source\App\TAppEncoder\TAppEncCfg.cpp ..\..\source\App\TAppEncoder\TAppEncTop.cpp
         TAppEncTop.cpp
         TAppEncCfg.cpp
         encmain.cpp
         正在生成代码...
       Link:
         D:\Program Files\Visual_Studio_2010\VC\bin\link.exe /ERRORREPORT:PROMPT /OUT:"E:\A_LAB_workplace\HEVC_software\tags\HM-14.0\build\\..\bin\vc10\Win32\Debug\TAppEncoder.exe" /INCREMENTAL /NOLOGO kernel32.lib user32.lib gdi32.lib winspool.lib comdlg32.lib advapi32.lib shell32.lib ole32.lib oleaut32.lib uuid.lib odbc32.lib odbccp32.lib /MANIFEST /ManifestFile:"E:\A_LAB_workplace\HEVC_software\tags\HM-14.0\build\\vc10\Win32\Debug\TAppEncoder\TAppEncoder.exe.intermediate.manifest" /MANIFESTUAC:"level='asInvoker' uiAccess='false'" /DEBUG /PDB:"E:\A_LAB_workplace\HEVC_software\tags\HM-14.0\bin\vc10\Win32\Debug\TAppEncoder.pdb" /SUBSYSTEM:CONSOLE /TLBID:1 /DYNAMICBASE /NXCOMPAT /IMPLIB:"E:\A_LAB_workplace\HEVC_software\tags\HM-14.0\build\\..\bin\vc10\Win32\Debug\TAppEncoder.lib" /MACHINE:X86 "E:\A_LAB_workplace\HEVC_software\tags\HM-14.0\build\\vc10\Win32\Debug\TAppEncoder\encmain.obj"
         "E:\A_LAB_workplace\HEVC_software\tags\HM-14.0\build\\vc10\Win32\Debug\TAppEncoder\TAppEncCfg.obj"
         "E:\A_LAB_workplace\HEVC_software\tags\HM-14.0\build\\vc10\Win32\Debug\TAppEncoder\TAppEncTop.obj"
         "E:\A_LAB_workplace\HEVC_software\tags\HM-14.0\build\vc10\Win32\Debug\TAppCommon\TAppCommon.lib"
         "E:\A_LAB_workplace\HEVC_software\tags\HM-14.0\build\vc10\Win32\Debug\TLibCommon\TLibCommon.lib"
         "E:\A_LAB_workplace\HEVC_software\tags\HM-14.0\build\vc10\Win32\Debug\TLibEncoder\TLibEncoder.lib"
         "E:\A_LAB_workplace\HEVC_software\tags\HM-14.0\build\vc10\Win32\Debug\TLibVideoIo\TLibVideoIO.lib"
         TAppEncoder_vc10.vcxproj -> E:\A_LAB_workplace\HEVC_software\tags\HM-14.0\build\\..\bin\vc10\Win32\Debug\TAppEncoder.exe
       Manifest:
         C:\Program Files (x86)\Microsoft SDKs\Windows\v7.0A\bin\mt.exe /nologo /verbose /out:"E:\A_LAB_workplace\HEVC_software\tags\HM-14.0\build\\..\bin\vc10\Win32\Debug\TAppEncoder.exe.manifest" /manifest "E:\A_LAB_workplace\HEVC_software\tags\HM-14.0\build\\vc10\Win32\Debug\TAppEncoder\TAppEncoder.exe.intermediate.manifest"
       FinalizeBuildStatus:
         正在删除文件“E:\A_LAB_workplace\HEVC_software\tags\HM-14.0\build\\vc10\Win32\Debug\TAppEncoder\TAppEncoder.unsuccessfulbuild”。
         正在对“E:\A_LAB_workplace\HEVC_software\tags\HM-14.0\build\\vc10\Win32\Debug\TAppEncoder\TAppEncoder.lastbuildstate”执行 Touch 任务。
     1>已完成生成项目“E:\A_LAB_workplace\HEVC_software\tags\HM-14.0\build\vc10\TAppEncoder_vc10.vcxproj”(rebuild 个目标)的操作。

生成成功。

已用时间 00:00:03.75
