E:\A_LAB_WORKPLACE\HM-14.0\BIN\VC10\WIN32\RELEASE\TAPPDECODER.EXE
E:\A_LAB_WORKPLACE\HM-14.0\BIN\VC10\WIN32\RELEASE\TAPPDECODER.PDB
E:\A_LAB_WORKPLACE\HM-14.0\BUILD\VC10\WIN32\RELEASE\TAPPDECODER\DECMAIN.OBJ
E:\A_LAB_WORKPLACE\HM-14.0\BUILD\VC10\WIN32\RELEASE\TAPPDECODER\TAPPDECCFG.OBJ
E:\A_LAB_WORKPLACE\HM-14.0\BUILD\VC10\WIN32\RELEASE\TAPPDECODER\TAPPDECODER.EXE.INTERMEDIATE.MANIFEST
E:\A_LAB_WORKPLACE\HM-14.0\BUILD\VC10\WIN32\RELEASE\TAPPDECODER\TAPPDECTOP.OBJ
E:\A_LAB_WORKPLACE\HM-14.0\BUILD\VC10\WIN32\RELEASE\TAPPDECODER\VC100.PDB
E:\Github\myproject-p\HM-14.0\build\\..\bin\vc10\Win32\Release\TAppDecoder.exe
E:\Github\myproject-p\HM-14.0\build\\..\bin\vc10\Win32\Release\TAppDecoder.pdb
E:\Github\myproject-p\HM-14.0\build\vc10\Win32\Release\TAppDecoder\cl.command.1.tlog
E:\Github\myproject-p\HM-14.0\build\vc10\Win32\Release\TAppDecoder\CL.read.1.tlog
E:\Github\myproject-p\HM-14.0\build\vc10\Win32\Release\TAppDecoder\CL.write.1.tlog
E:\Github\myproject-p\HM-14.0\build\vc10\Win32\Release\TAppDecoder\decmain.obj
E:\Github\myproject-p\HM-14.0\build\vc10\Win32\Release\TAppDecoder\link.command.1.tlog
E:\Github\myproject-p\HM-14.0\build\vc10\Win32\Release\TAppDecoder\link.read.1.tlog
E:\Github\myproject-p\HM-14.0\build\vc10\Win32\Release\TAppDecoder\link.write.1.tlog
E:\Github\myproject-p\HM-14.0\build\vc10\Win32\Release\TAppDecoder\mt.command.1.tlog
E:\Github\myproject-p\HM-14.0\build\vc10\Win32\Release\TAppDecoder\mt.read.1.tlog
E:\Github\myproject-p\HM-14.0\build\vc10\Win32\Release\TAppDecoder\mt.write.1.tlog
E:\Github\myproject-p\HM-14.0\build\vc10\Win32\Release\TAppDecoder\TAppDecCfg.obj
E:\Github\myproject-p\HM-14.0\build\vc10\Win32\Release\TAppDecoder\TAppDecoder.exe.intermediate.manifest
E:\Github\myproject-p\HM-14.0\build\vc10\Win32\Release\TAppDecoder\TAppDecoder.write.1.tlog
E:\Github\myproject-p\HM-14.0\build\vc10\Win32\Release\TAppDecoder\TAppDecTop.obj
E:\Github\myproject-p\HM-14.0\build\vc10\Win32\Release\TAppDecoder\vc100.pdb
