E:\A_LAB_workplace\HEVC_software\tags\HM-14.0\build\\vc10\Win32\Release\TLibEncoder\TLibEncoder.lib
E:\A_LAB_workplace\HEVC_software\tags\HM-14.0\build\vc10\Win32\Release\TLibEncoder\cl.command.1.tlog
E:\A_LAB_workplace\HEVC_software\tags\HM-14.0\build\vc10\Win32\Release\TLibEncoder\CL.read.1.tlog
E:\A_LAB_workplace\HEVC_software\tags\HM-14.0\build\vc10\Win32\Release\TLibEncoder\CL.write.1.tlog
E:\A_LAB_workplace\HEVC_software\tags\HM-14.0\build\vc10\Win32\Release\TLibEncoder\lib.command.1.tlog
E:\A_LAB_workplace\HEVC_software\tags\HM-14.0\build\vc10\Win32\Release\TLibEncoder\Lib-link.read.1.tlog
E:\A_LAB_workplace\HEVC_software\tags\HM-14.0\build\vc10\Win32\Release\TLibEncoder\Lib-link.write.1.tlog
E:\A_LAB_WORKPLACE\HEVC_SOFTWARE\TAGS\HM-14.0\BUILD\VC10\WIN32\RELEASE\TLIBENCODER\NALWRITE.OBJ
E:\A_LAB_WORKPLACE\HEVC_SOFTWARE\TAGS\HM-14.0\BUILD\VC10\WIN32\RELEASE\TLIBENCODER\SEIWRITE.OBJ
E:\A_LAB_WORKPLACE\HEVC_SOFTWARE\TAGS\HM-14.0\BUILD\VC10\WIN32\RELEASE\TLIBENCODER\SYNTAXELEMENTWRITER.OBJ
E:\A_LAB_WORKPLACE\HEVC_SOFTWARE\TAGS\HM-14.0\BUILD\VC10\WIN32\RELEASE\TLIBENCODER\TENCANALYZE.OBJ
E:\A_LAB_WORKPLACE\HEVC_SOFTWARE\TAGS\HM-14.0\BUILD\VC10\WIN32\RELEASE\TLIBENCODER\TENCBINCODERCABAC.OBJ
E:\A_LAB_WORKPLACE\HEVC_SOFTWARE\TAGS\HM-14.0\BUILD\VC10\WIN32\RELEASE\TLIBENCODER\TENCBINCODERCABACCOUNTER.OBJ
E:\A_LAB_WORKPLACE\HEVC_SOFTWARE\TAGS\HM-14.0\BUILD\VC10\WIN32\RELEASE\TLIBENCODER\TENCCAVLC.OBJ
E:\A_LAB_WORKPLACE\HEVC_SOFTWARE\TAGS\HM-14.0\BUILD\VC10\WIN32\RELEASE\TLIBENCODER\TENCCU.OBJ
E:\A_LAB_WORKPLACE\HEVC_SOFTWARE\TAGS\HM-14.0\BUILD\VC10\WIN32\RELEASE\TLIBENCODER\TENCENTROPY.OBJ
E:\A_LAB_WORKPLACE\HEVC_SOFTWARE\TAGS\HM-14.0\BUILD\VC10\WIN32\RELEASE\TLIBENCODER\TENCGOP.OBJ
E:\A_LAB_WORKPLACE\HEVC_SOFTWARE\TAGS\HM-14.0\BUILD\VC10\WIN32\RELEASE\TLIBENCODER\TENCPIC.OBJ
E:\A_LAB_WORKPLACE\HEVC_SOFTWARE\TAGS\HM-14.0\BUILD\VC10\WIN32\RELEASE\TLIBENCODER\TENCPREANALYZER.OBJ
E:\A_LAB_WORKPLACE\HEVC_SOFTWARE\TAGS\HM-14.0\BUILD\VC10\WIN32\RELEASE\TLIBENCODER\TENCRATECTRL.OBJ
E:\A_LAB_WORKPLACE\HEVC_SOFTWARE\TAGS\HM-14.0\BUILD\VC10\WIN32\RELEASE\TLIBENCODER\TENCSAMPLEADAPTIVEOFFSET.OBJ
E:\A_LAB_WORKPLACE\HEVC_SOFTWARE\TAGS\HM-14.0\BUILD\VC10\WIN32\RELEASE\TLIBENCODER\TENCSBAC.OBJ
E:\A_LAB_WORKPLACE\HEVC_SOFTWARE\TAGS\HM-14.0\BUILD\VC10\WIN32\RELEASE\TLIBENCODER\TENCSEARCH.OBJ
E:\A_LAB_WORKPLACE\HEVC_SOFTWARE\TAGS\HM-14.0\BUILD\VC10\WIN32\RELEASE\TLIBENCODER\TENCSLICE.OBJ
E:\A_LAB_WORKPLACE\HEVC_SOFTWARE\TAGS\HM-14.0\BUILD\VC10\WIN32\RELEASE\TLIBENCODER\TENCTOP.OBJ
E:\A_LAB_WORKPLACE\HEVC_SOFTWARE\TAGS\HM-14.0\BUILD\VC10\WIN32\RELEASE\TLIBENCODER\TLIBENCODER.LIB
E:\A_LAB_workplace\HEVC_software\tags\HM-14.0\build\vc10\Win32\Release\TLibEncoder\TLibEncoder.write.1.tlog
E:\A_LAB_WORKPLACE\HEVC_SOFTWARE\TAGS\HM-14.0\BUILD\VC10\WIN32\RELEASE\TLIBENCODER\VC100.PDB
E:\A_LAB_WORKPLACE\HEVC_SOFTWARE\TAGS\HM-14.0\BUILD\VC10\WIN32\RELEASE\TLIBENCODER\WEIGHTPREDANALYSIS.OBJ
