E:\A_LAB_workplace\HEVC_software\tags\HM-14.0\build\\vc10\Win32\Debug\TLibDecoder\TLibDecoder.lib
E:\A_LAB_workplace\HEVC_software\tags\HM-14.0\build\vc10\Win32\Debug\TLibDecoder\AnnexBread.obj
E:\A_LAB_workplace\HEVC_software\tags\HM-14.0\build\vc10\Win32\Debug\TLibDecoder\cl.command.1.tlog
E:\A_LAB_workplace\HEVC_software\tags\HM-14.0\build\vc10\Win32\Debug\TLibDecoder\CL.read.1.tlog
E:\A_LAB_workplace\HEVC_software\tags\HM-14.0\build\vc10\Win32\Debug\TLibDecoder\CL.write.1.tlog
E:\A_LAB_workplace\HEVC_software\tags\HM-14.0\build\vc10\Win32\Debug\TLibDecoder\lib.command.1.tlog
E:\A_LAB_workplace\HEVC_software\tags\HM-14.0\build\vc10\Win32\Debug\TLibDecoder\Lib-link.read.1.tlog
E:\A_LAB_workplace\HEVC_software\tags\HM-14.0\build\vc10\Win32\Debug\TLibDecoder\Lib-link.write.1.tlog
E:\A_LAB_workplace\HEVC_software\tags\HM-14.0\build\vc10\Win32\Debug\TLibDecoder\NALread.obj
E:\A_LAB_workplace\HEVC_software\tags\HM-14.0\build\vc10\Win32\Debug\TLibDecoder\SEIread.obj
E:\A_LAB_workplace\HEVC_software\tags\HM-14.0\build\vc10\Win32\Debug\TLibDecoder\SyntaxElementParser.obj
E:\A_LAB_workplace\HEVC_software\tags\HM-14.0\build\vc10\Win32\Debug\TLibDecoder\TDecBinCoderCABAC.obj
E:\A_LAB_workplace\HEVC_software\tags\HM-14.0\build\vc10\Win32\Debug\TLibDecoder\TDecCAVLC.obj
E:\A_LAB_workplace\HEVC_software\tags\HM-14.0\build\vc10\Win32\Debug\TLibDecoder\TDecCu.obj
E:\A_LAB_workplace\HEVC_software\tags\HM-14.0\build\vc10\Win32\Debug\TLibDecoder\TDecEntropy.obj
E:\A_LAB_workplace\HEVC_software\tags\HM-14.0\build\vc10\Win32\Debug\TLibDecoder\TDecGop.obj
E:\A_LAB_workplace\HEVC_software\tags\HM-14.0\build\vc10\Win32\Debug\TLibDecoder\TDecSbac.obj
E:\A_LAB_workplace\HEVC_software\tags\HM-14.0\build\vc10\Win32\Debug\TLibDecoder\TDecSlice.obj
E:\A_LAB_workplace\HEVC_software\tags\HM-14.0\build\vc10\Win32\Debug\TLibDecoder\TDecTop.obj
E:\A_LAB_workplace\HEVC_software\tags\HM-14.0\build\vc10\Win32\Debug\TLibDecoder\TLibDecoder.write.1.tlog
E:\A_LAB_workplace\HEVC_software\tags\HM-14.0\build\vc10\Win32\Debug\TLibDecoder\TLibDecoder_vc10.vcxprojResolveAssemblyReference.cache
E:\A_LAB_workplace\HEVC_software\tags\HM-14.0\build\vc10\Win32\Debug\TLibDecoder\vc100.idb
E:\A_LAB_workplace\HEVC_software\tags\HM-14.0\build\vc10\Win32\Debug\TLibDecoder\vc100.pdb
E:\HEVC_SOFTWARE\TAGS\HM-14.0\BUILD\VC10\WIN32\DEBUG\TLIBDECODER\ANNEXBREAD.OBJ
E:\HEVC_SOFTWARE\TAGS\HM-14.0\BUILD\VC10\WIN32\DEBUG\TLIBDECODER\NALREAD.OBJ
E:\HEVC_SOFTWARE\TAGS\HM-14.0\BUILD\VC10\WIN32\DEBUG\TLIBDECODER\SEIREAD.OBJ
E:\HEVC_SOFTWARE\TAGS\HM-14.0\BUILD\VC10\WIN32\DEBUG\TLIBDECODER\SYNTAXELEMENTPARSER.OBJ
E:\HEVC_SOFTWARE\TAGS\HM-14.0\BUILD\VC10\WIN32\DEBUG\TLIBDECODER\TDECBINCODERCABAC.OBJ
E:\HEVC_SOFTWARE\TAGS\HM-14.0\BUILD\VC10\WIN32\DEBUG\TLIBDECODER\TDECCAVLC.OBJ
E:\HEVC_SOFTWARE\TAGS\HM-14.0\BUILD\VC10\WIN32\DEBUG\TLIBDECODER\TDECCU.OBJ
E:\HEVC_SOFTWARE\TAGS\HM-14.0\BUILD\VC10\WIN32\DEBUG\TLIBDECODER\TDECENTROPY.OBJ
E:\HEVC_SOFTWARE\TAGS\HM-14.0\BUILD\VC10\WIN32\DEBUG\TLIBDECODER\TDECGOP.OBJ
E:\HEVC_SOFTWARE\TAGS\HM-14.0\BUILD\VC10\WIN32\DEBUG\TLIBDECODER\TDECSBAC.OBJ
E:\HEVC_SOFTWARE\TAGS\HM-14.0\BUILD\VC10\WIN32\DEBUG\TLIBDECODER\TDECSLICE.OBJ
E:\HEVC_SOFTWARE\TAGS\HM-14.0\BUILD\VC10\WIN32\DEBUG\TLIBDECODER\TDECTOP.OBJ
E:\HEVC_SOFTWARE\TAGS\HM-14.0\BUILD\VC10\WIN32\DEBUG\TLIBDECODER\TLIBDECODER.LIB
E:\HEVC_SOFTWARE\TAGS\HM-14.0\BUILD\VC10\WIN32\DEBUG\TLIBDECODER\VC100.PDB
