E:\A_LAB_workplace\HEVC_software\tags\HM-14.0\build\\..\bin\vc10\Win32\Debug\TAppDecoder.exe
E:\A_LAB_workplace\HEVC_software\tags\HM-14.0\build\\..\bin\vc10\Win32\Debug\TAppDecoder.exe.manifest
E:\A_LAB_workplace\HEVC_software\tags\HM-14.0\build\\..\bin\vc10\Win32\Debug\TAppDecoder.ilk
E:\A_LAB_workplace\HEVC_software\tags\HM-14.0\build\\..\bin\vc10\Win32\Debug\TAppDecoder.pdb
E:\A_LAB_workplace\HEVC_software\tags\HM-14.0\build\vc10\Win32\Debug\TAppDecoder\cl.command.1.tlog
E:\A_LAB_workplace\HEVC_software\tags\HM-14.0\build\vc10\Win32\Debug\TAppDecoder\CL.read.1.tlog
E:\A_LAB_workplace\HEVC_software\tags\HM-14.0\build\vc10\Win32\Debug\TAppDecoder\CL.write.1.tlog
E:\A_LAB_workplace\HEVC_software\tags\HM-14.0\build\vc10\Win32\Debug\TAppDecoder\decmain.obj
E:\A_LAB_workplace\HEVC_software\tags\HM-14.0\build\vc10\Win32\Debug\TAppDecoder\link.command.1.tlog
E:\A_LAB_workplace\HEVC_software\tags\HM-14.0\build\vc10\Win32\Debug\TAppDecoder\link.read.1.tlog
E:\A_LAB_workplace\HEVC_software\tags\HM-14.0\build\vc10\Win32\Debug\TAppDecoder\link.write.1.tlog
E:\A_LAB_workplace\HEVC_software\tags\HM-14.0\build\vc10\Win32\Debug\TAppDecoder\mt.command.1.tlog
E:\A_LAB_workplace\HEVC_software\tags\HM-14.0\build\vc10\Win32\Debug\TAppDecoder\mt.read.1.tlog
E:\A_LAB_workplace\HEVC_software\tags\HM-14.0\build\vc10\Win32\Debug\TAppDecoder\mt.write.1.tlog
E:\A_LAB_workplace\HEVC_software\tags\HM-14.0\build\vc10\Win32\Debug\TAppDecoder\rc.command.1.tlog
E:\A_LAB_workplace\HEVC_software\tags\HM-14.0\build\vc10\Win32\Debug\TAppDecoder\rc.read.1.tlog
E:\A_LAB_workplace\HEVC_software\tags\HM-14.0\build\vc10\Win32\Debug\TAppDecoder\rc.write.1.tlog
E:\A_LAB_workplace\HEVC_software\tags\HM-14.0\build\vc10\Win32\Debug\TAppDecoder\TAppDecCfg.obj
E:\A_LAB_workplace\HEVC_software\tags\HM-14.0\build\vc10\Win32\Debug\TAppDecoder\TAppDecoder.exe.embed.manifest
E:\A_LAB_workplace\HEVC_software\tags\HM-14.0\build\vc10\Win32\Debug\TAppDecoder\TAppDecoder.exe.embed.manifest.res
E:\A_LAB_workplace\HEVC_software\tags\HM-14.0\build\vc10\Win32\Debug\TAppDecoder\TAppDecoder.exe.intermediate.manifest
E:\A_LAB_workplace\HEVC_software\tags\HM-14.0\build\vc10\Win32\Debug\TAppDecoder\TAppDecoder.write.1.tlog
E:\A_LAB_workplace\HEVC_software\tags\HM-14.0\build\vc10\Win32\Debug\TAppDecoder\TAppDecoder_manifest.rc
E:\A_LAB_workplace\HEVC_software\tags\HM-14.0\build\vc10\Win32\Debug\TAppDecoder\TAppDecTop.obj
E:\A_LAB_workplace\HEVC_software\tags\HM-14.0\build\vc10\Win32\Debug\TAppDecoder\vc100.idb
E:\A_LAB_workplace\HEVC_software\tags\HM-14.0\build\vc10\Win32\Debug\TAppDecoder\vc100.pdb
E:\HEVC_SOFTWARE\TAGS\HM-14.0\BIN\VC10\WIN32\DEBUG\TAPPDECODER.EXE
E:\HEVC_SOFTWARE\TAGS\HM-14.0\BIN\VC10\WIN32\DEBUG\TAPPDECODER.EXE.MANIFEST
E:\HEVC_SOFTWARE\TAGS\HM-14.0\BIN\VC10\WIN32\DEBUG\TAPPDECODER.ILK
E:\HEVC_SOFTWARE\TAGS\HM-14.0\BIN\VC10\WIN32\DEBUG\TAPPDECODER.PDB
E:\HEVC_SOFTWARE\TAGS\HM-14.0\BUILD\VC10\WIN32\DEBUG\TAPPDECODER\DECMAIN.OBJ
E:\HEVC_SOFTWARE\TAGS\HM-14.0\BUILD\VC10\WIN32\DEBUG\TAPPDECODER\TAPPDECCFG.OBJ
E:\HEVC_SOFTWARE\TAGS\HM-14.0\BUILD\VC10\WIN32\DEBUG\TAPPDECODER\TAPPDECODER.EXE.EMBED.MANIFEST.RES
E:\HEVC_SOFTWARE\TAGS\HM-14.0\BUILD\VC10\WIN32\DEBUG\TAPPDECODER\TAPPDECODER.EXE.INTERMEDIATE.MANIFEST
E:\HEVC_SOFTWARE\TAGS\HM-14.0\BUILD\VC10\WIN32\DEBUG\TAPPDECODER\TAPPDECTOP.OBJ
E:\HEVC_SOFTWARE\TAGS\HM-14.0\BUILD\VC10\WIN32\DEBUG\TAPPDECODER\VC100.PDB
