E:\A_LAB_workplace\HM-14.0_IME\build\\vc10\x64\Debug\TLibDecoder\TLibDecoder.lib
E:\A_LAB_WORKPLACE\HM-14.0_IME\BUILD\VC10\X64\DEBUG\TLIBDECODER\ANNEXBREAD.OBJ
E:\A_LAB_workplace\HM-14.0_IME\build\vc10\x64\Debug\TLibDecoder\cl.command.1.tlog
E:\A_LAB_workplace\HM-14.0_IME\build\vc10\x64\Debug\TLibDecoder\CL.read.1.tlog
E:\A_LAB_workplace\HM-14.0_IME\build\vc10\x64\Debug\TLibDecoder\CL.write.1.tlog
E:\A_LAB_workplace\HM-14.0_IME\build\vc10\x64\Debug\TLibDecoder\lib.command.1.tlog
E:\A_LAB_workplace\HM-14.0_IME\build\vc10\x64\Debug\TLibDecoder\Lib-link.read.1.tlog
E:\A_LAB_workplace\HM-14.0_IME\build\vc10\x64\Debug\TLibDecoder\Lib-link.write.1.tlog
E:\A_LAB_WORKPLACE\HM-14.0_IME\BUILD\VC10\X64\DEBUG\TLIBDECODER\NALREAD.OBJ
E:\A_LAB_WORKPLACE\HM-14.0_IME\BUILD\VC10\X64\DEBUG\TLIBDECODER\SEIREAD.OBJ
E:\A_LAB_WORKPLACE\HM-14.0_IME\BUILD\VC10\X64\DEBUG\TLIBDECODER\SYNTAXELEMENTPARSER.OBJ
E:\A_LAB_WORKPLACE\HM-14.0_IME\BUILD\VC10\X64\DEBUG\TLIBDECODER\TDECBINCODERCABAC.OBJ
E:\A_LAB_WORKPLACE\HM-14.0_IME\BUILD\VC10\X64\DEBUG\TLIBDECODER\TDECCAVLC.OBJ
E:\A_LAB_WORKPLACE\HM-14.0_IME\BUILD\VC10\X64\DEBUG\TLIBDECODER\TDECCU.OBJ
E:\A_LAB_WORKPLACE\HM-14.0_IME\BUILD\VC10\X64\DEBUG\TLIBDECODER\TDECENTROPY.OBJ
E:\A_LAB_WORKPLACE\HM-14.0_IME\BUILD\VC10\X64\DEBUG\TLIBDECODER\TDECGOP.OBJ
E:\A_LAB_WORKPLACE\HM-14.0_IME\BUILD\VC10\X64\DEBUG\TLIBDECODER\TDECSBAC.OBJ
E:\A_LAB_WORKPLACE\HM-14.0_IME\BUILD\VC10\X64\DEBUG\TLIBDECODER\TDECSLICE.OBJ
E:\A_LAB_WORKPLACE\HM-14.0_IME\BUILD\VC10\X64\DEBUG\TLIBDECODER\TDECTOP.OBJ
E:\A_LAB_WORKPLACE\HM-14.0_IME\BUILD\VC10\X64\DEBUG\TLIBDECODER\TLIBDECODER.LIB
E:\A_LAB_workplace\HM-14.0_IME\build\vc10\x64\Debug\TLibDecoder\TLibDecoder.write.1.tlog
E:\A_LAB_workplace\HM-14.0_IME\build\vc10\x64\Debug\TLibDecoder\vc100.idb
E:\A_LAB_WORKPLACE\HM-14.0_IME\BUILD\VC10\X64\DEBUG\TLIBDECODER\VC100.PDB
