E:\A_LAB_WORKPLACE\HM-14.0\BUILD\VC10\WIN32\RELEASE\TLIBCOMMON\CONTEXTMODEL.OBJ
E:\A_LAB_WORKPLACE\HM-14.0\BUILD\VC10\WIN32\RELEASE\TLIBCOMMON\CONTEXTMODEL3DBUFFER.OBJ
E:\A_LAB_WORKPLACE\HM-14.0\BUILD\VC10\WIN32\RELEASE\TLIBCOMMON\LIBMD5.OBJ
E:\A_LAB_WORKPLACE\HM-14.0\BUILD\VC10\WIN32\RELEASE\TLIBCOMMON\SEI.OBJ
E:\A_LAB_WORKPLACE\HM-14.0\BUILD\VC10\WIN32\RELEASE\TLIBCOMMON\TCOMBITSTREAM.OBJ
E:\A_LAB_WORKPLACE\HM-14.0\BUILD\VC10\WIN32\RELEASE\TLIBCOMMON\TCOMCABACTABLES.OBJ
E:\A_LAB_WORKPLACE\HM-14.0\BUILD\VC10\WIN32\RELEASE\TLIBCOMMON\TCOMDATACU.OBJ
E:\A_LAB_WORKPLACE\HM-14.0\BUILD\VC10\WIN32\RELEASE\TLIBCOMMON\TCOMINTERPOLATIONFILTER.OBJ
E:\A_LAB_WORKPLACE\HM-14.0\BUILD\VC10\WIN32\RELEASE\TLIBCOMMON\TCOMLOOPFILTER.OBJ
E:\A_LAB_WORKPLACE\HM-14.0\BUILD\VC10\WIN32\RELEASE\TLIBCOMMON\TCOMMOTIONINFO.OBJ
E:\A_LAB_WORKPLACE\HM-14.0\BUILD\VC10\WIN32\RELEASE\TLIBCOMMON\TCOMPATTERN.OBJ
E:\A_LAB_WORKPLACE\HM-14.0\BUILD\VC10\WIN32\RELEASE\TLIBCOMMON\TCOMPIC.OBJ
E:\A_LAB_WORKPLACE\HM-14.0\BUILD\VC10\WIN32\RELEASE\TLIBCOMMON\TCOMPICSYM.OBJ
E:\A_LAB_WORKPLACE\HM-14.0\BUILD\VC10\WIN32\RELEASE\TLIBCOMMON\TCOMPICYUV.OBJ
E:\A_LAB_WORKPLACE\HM-14.0\BUILD\VC10\WIN32\RELEASE\TLIBCOMMON\TCOMPICYUVMD5.OBJ
E:\A_LAB_WORKPLACE\HM-14.0\BUILD\VC10\WIN32\RELEASE\TLIBCOMMON\TCOMPREDICTION.OBJ
E:\A_LAB_WORKPLACE\HM-14.0\BUILD\VC10\WIN32\RELEASE\TLIBCOMMON\TCOMRDCOST.OBJ
E:\A_LAB_WORKPLACE\HM-14.0\BUILD\VC10\WIN32\RELEASE\TLIBCOMMON\TCOMRDCOSTWEIGHTPREDICTION.OBJ
E:\A_LAB_WORKPLACE\HM-14.0\BUILD\VC10\WIN32\RELEASE\TLIBCOMMON\TCOMROM.OBJ
E:\A_LAB_WORKPLACE\HM-14.0\BUILD\VC10\WIN32\RELEASE\TLIBCOMMON\TCOMSAMPLEADAPTIVEOFFSET.OBJ
E:\A_LAB_WORKPLACE\HM-14.0\BUILD\VC10\WIN32\RELEASE\TLIBCOMMON\TCOMSLICE.OBJ
E:\A_LAB_WORKPLACE\HM-14.0\BUILD\VC10\WIN32\RELEASE\TLIBCOMMON\TCOMTRQUANT.OBJ
E:\A_LAB_WORKPLACE\HM-14.0\BUILD\VC10\WIN32\RELEASE\TLIBCOMMON\TCOMWEIGHTPREDICTION.OBJ
E:\A_LAB_WORKPLACE\HM-14.0\BUILD\VC10\WIN32\RELEASE\TLIBCOMMON\TCOMYUV.OBJ
E:\A_LAB_WORKPLACE\HM-14.0\BUILD\VC10\WIN32\RELEASE\TLIBCOMMON\TLIBCOMMON.LIB
E:\A_LAB_WORKPLACE\HM-14.0\BUILD\VC10\WIN32\RELEASE\TLIBCOMMON\VC100.PDB
E:\Github\myproject-p\HM-14.0\build\\vc10\Win32\Release\TLibCommon\TLibCommon.lib
E:\Github\myproject-p\HM-14.0\build\vc10\Win32\Release\TLibCommon\cl.command.1.tlog
E:\Github\myproject-p\HM-14.0\build\vc10\Win32\Release\TLibCommon\CL.read.1.tlog
E:\Github\myproject-p\HM-14.0\build\vc10\Win32\Release\TLibCommon\CL.write.1.tlog
E:\Github\myproject-p\HM-14.0\build\vc10\Win32\Release\TLibCommon\ContextModel.obj
E:\Github\myproject-p\HM-14.0\build\vc10\Win32\Release\TLibCommon\ContextModel3DBuffer.obj
E:\Github\myproject-p\HM-14.0\build\vc10\Win32\Release\TLibCommon\lib.command.1.tlog
E:\Github\myproject-p\HM-14.0\build\vc10\Win32\Release\TLibCommon\Lib-link.read.1.tlog
E:\Github\myproject-p\HM-14.0\build\vc10\Win32\Release\TLibCommon\Lib-link.write.1.tlog
E:\Github\myproject-p\HM-14.0\build\vc10\Win32\Release\TLibCommon\libmd5.obj
E:\Github\myproject-p\HM-14.0\build\vc10\Win32\Release\TLibCommon\SEI.obj
E:\Github\myproject-p\HM-14.0\build\vc10\Win32\Release\TLibCommon\TComBitStream.obj
E:\Github\myproject-p\HM-14.0\build\vc10\Win32\Release\TLibCommon\TComCABACTables.obj
E:\Github\myproject-p\HM-14.0\build\vc10\Win32\Release\TLibCommon\TComDataCU.obj
E:\Github\myproject-p\HM-14.0\build\vc10\Win32\Release\TLibCommon\TComInterpolationFilter.obj
E:\Github\myproject-p\HM-14.0\build\vc10\Win32\Release\TLibCommon\TComLoopFilter.obj
E:\Github\myproject-p\HM-14.0\build\vc10\Win32\Release\TLibCommon\TComMotionInfo.obj
E:\Github\myproject-p\HM-14.0\build\vc10\Win32\Release\TLibCommon\TComPattern.obj
E:\Github\myproject-p\HM-14.0\build\vc10\Win32\Release\TLibCommon\TComPic.obj
E:\Github\myproject-p\HM-14.0\build\vc10\Win32\Release\TLibCommon\TComPicSym.obj
E:\Github\myproject-p\HM-14.0\build\vc10\Win32\Release\TLibCommon\TComPicYuv.obj
E:\Github\myproject-p\HM-14.0\build\vc10\Win32\Release\TLibCommon\TComPicYuvMD5.obj
E:\Github\myproject-p\HM-14.0\build\vc10\Win32\Release\TLibCommon\TComPrediction.obj
E:\Github\myproject-p\HM-14.0\build\vc10\Win32\Release\TLibCommon\TComRdCost.obj
E:\Github\myproject-p\HM-14.0\build\vc10\Win32\Release\TLibCommon\TComRdCostWeightPrediction.obj
E:\Github\myproject-p\HM-14.0\build\vc10\Win32\Release\TLibCommon\TComRom.obj
E:\Github\myproject-p\HM-14.0\build\vc10\Win32\Release\TLibCommon\TComSampleAdaptiveOffset.obj
E:\Github\myproject-p\HM-14.0\build\vc10\Win32\Release\TLibCommon\TComSlice.obj
E:\Github\myproject-p\HM-14.0\build\vc10\Win32\Release\TLibCommon\TComTrQuant.obj
E:\Github\myproject-p\HM-14.0\build\vc10\Win32\Release\TLibCommon\TComWeightPrediction.obj
E:\Github\myproject-p\HM-14.0\build\vc10\Win32\Release\TLibCommon\TComYuv.obj
E:\Github\myproject-p\HM-14.0\build\vc10\Win32\Release\TLibCommon\TLibCommon.write.1.tlog
E:\Github\myproject-p\HM-14.0\build\vc10\Win32\Release\TLibCommon\TLibCommon_vc10.vcxprojResolveAssemblyReference.cache
E:\Github\myproject-p\HM-14.0\build\vc10\Win32\Release\TLibCommon\vc100.pdb
